<?xml version="1.0" encoding="UTF-8"?>
<!-- Generated by org.testng.reporters.JUnitReportReporter -->
<testsuite hostname="LIN24008270" failures="0" tests="1" name="testCases.TC_02_Ac_loginTest" time="2.110" errors="0" timestamp="2023-06-28T10:40:03 IST" skipped="0">
  <testcase classname="testCases.TC_02_Ac_loginTest" name="loginTestTest" time="2.110"/>
  <system-out/>
</testsuite> <!-- testCases.TC_02_Ac_loginTest -->
