<?xml version="1.0" encoding="UTF-8"?>
<!-- Generated by org.testng.reporters.JUnitReportReporter -->
<testsuite hostname="LIN24008270" failures="0" tests="3" name="testCases.TC_03_Login_DDT" time="4.020" errors="0" timestamp="2023-06-27T17:37:29 IST" skipped="0">
  <testcase classname="testCases.TC_03_Login_DDT" name="loginDDT" time="2.088"/>
  <system-out/>
  <testcase classname="testCases.TC_03_Login_DDT" name="loginDDT" time="0.973"/>
  <system-out/>
  <testcase classname="testCases.TC_03_Login_DDT" name="loginDDT" time="0.959"/>
  <system-out/>
</testsuite> <!-- testCases.TC_03_Login_DDT -->
