<?xml version="1.0" encoding="UTF-8"?>
<!-- Generated by org.testng.reporters.JUnitReportReporter -->
<testsuite hostname="LIN24008270" failures="0" tests="1" name="testCases.TC_02_Ac_login" time="4.463" errors="0" timestamp="2023-06-23T11:53:05 IST" skipped="0">
  <testcase classname="testCases.TC_02_Ac_login" name="loginTest" time="4.463"/>
  <system-out/>
</testsuite> <!-- testCases.TC_02_Ac_login -->
