<?xml version="1.0" encoding="UTF-8"?>
<!-- Generated by org.testng.reporters.JUnitReportReporter -->
<testsuite hostname="LIN24008270" failures="0" tests="1" name="testCases.TC_01_Ac_Register" time="20.383" errors="0" timestamp="2023-06-28T10:40:03 IST" skipped="0">
  <testcase classname="testCases.TC_01_Ac_Register" name="testRegister" time="20.383"/>
  <system-out/>
</testsuite> <!-- testCases.TC_01_Ac_Register -->
